/*C5*/SET SCHEMA PUBLIC
INSERT INTO CREDIT_OFFER VALUES('d537431f-6c58-4cdf-b606-2c2ba6d2eff2','09cff4d4-59c4-43d0-bf09-4ca4502a2e27','083b5c18-dd91-44f4-9fe6-173641406c0f',60000,18)
COMMIT
INSERT INTO BANK VALUES('07966d22-8f73-4874-8860-ac622c39d24d','09cff4d4-59c4-43d0-bf09-4ca4502a2e27','083b5c18-dd91-44f4-9fe6-173641406c0f','d537431f-6c58-4cdf-b606-2c2ba6d2eff2')
COMMIT
INSERT INTO PAYMENT_SCHEDULE VALUES('1874f2c0-ff88-42f3-9767-777eba4e078d','d537431f-6c58-4cdf-b606-2c2ba6d2eff2','2021-06-28',3785.59E0,2971.9E0,813.7E0)
INSERT INTO PAYMENT_SCHEDULE VALUES('3b80ea8e-d629-405d-95e4-de1fe81369a2','d537431f-6c58-4cdf-b606-2c2ba6d2eff2','2021-07-28',3785.59E0,2986.42E0,799.18E0)
INSERT INTO PAYMENT_SCHEDULE VALUES('f85139e3-8ba2-4258-a0dc-6140f401386b','d537431f-6c58-4cdf-b606-2c2ba6d2eff2','2021-08-28',3785.59E0,3028.27E0,757.32E0)
INSERT INTO PAYMENT_SCHEDULE VALUES('9e98683e-55f7-4696-819a-2c2d1e6c7e4f','d537431f-6c58-4cdf-b606-2c2ba6d2eff2','2021-09-28',3785.59E0,3093.78E0,691.81E0)
INSERT INTO PAYMENT_SCHEDULE VALUES('0fb4ae78-d90b-4bb8-938b-d104d93401ee','d537431f-6c58-4cdf-b606-2c2ba6d2eff2','2021-10-28',3785.59E0,3114.08E0,671.51E0)
INSERT INTO PAYMENT_SCHEDULE VALUES('fc6ca673-e63e-4cda-95a6-9c2a257e704e','d537431f-6c58-4cdf-b606-2c2ba6d2eff2','2021-11-28',3785.59E0,3177.98E0,607.61E0)
INSERT INTO PAYMENT_SCHEDULE VALUES('b271f97f-d643-4b03-995b-9d239d13a7eb','d537431f-6c58-4cdf-b606-2c2ba6d2eff2','2021-12-28',3785.59E0,3202.26E0,583.33E0)
INSERT INTO PAYMENT_SCHEDULE VALUES('474de310-1633-40ee-b233-4302d2992475','d537431f-6c58-4cdf-b606-2c2ba6d2eff2','2022-01-28',3785.59E0,3247.15E0,538.44E0)
INSERT INTO PAYMENT_SCHEDULE VALUES('c84cb892-3972-4775-9755-19c7b9dfb9d5','d537431f-6c58-4cdf-b606-2c2ba6d2eff2','2022-02-28',3785.59E0,3340.37E0,445.22E0)
INSERT INTO PAYMENT_SCHEDULE VALUES('c496727b-fce4-4919-890b-228699b47c56','d537431f-6c58-4cdf-b606-2c2ba6d2eff2','2022-03-28',3785.59E0,3339.49E0,446.1E0)
INSERT INTO PAYMENT_SCHEDULE VALUES('852c8044-46cd-4269-beb5-87d9d6863553','d537431f-6c58-4cdf-b606-2c2ba6d2eff2','2022-04-28',3785.59E0,3399.17E0,386.42E0)
INSERT INTO PAYMENT_SCHEDULE VALUES('9b2f0cb2-10ff-433e-9b72-560ac8b6e986','d537431f-6c58-4cdf-b606-2c2ba6d2eff2','2022-05-28',3785.59E0,3433.94E0,351.65E0)
INSERT INTO PAYMENT_SCHEDULE VALUES('09a8bd85-fcff-4e61-a3f0-61bb5a48ffb9','d537431f-6c58-4cdf-b606-2c2ba6d2eff2','2022-06-28',3785.59E0,3491.86E0,293.74E0)
INSERT INTO PAYMENT_SCHEDULE VALUES('44e89212-aa1b-4042-9080-ae8bf684aaa5','d537431f-6c58-4cdf-b606-2c2ba6d2eff2','2022-07-28',3785.59E0,3531.0E0,254.59E0)
INSERT INTO PAYMENT_SCHEDULE VALUES('6699bb57-58b8-4724-975b-f622f3a86c4b','d537431f-6c58-4cdf-b606-2c2ba6d2eff2','2022-08-28',3785.59E0,3580.48E0,205.11E0)
INSERT INTO PAYMENT_SCHEDULE VALUES('05f2de4c-2811-4982-bb0c-1e32d2870ecd','d537431f-6c58-4cdf-b606-2c2ba6d2eff2','2022-09-28',3785.59E0,3635.67E0,149.93E0)
INSERT INTO PAYMENT_SCHEDULE VALUES('ee9f68c3-315a-48b4-9fb9-68abd4f0444f','d537431f-6c58-4cdf-b606-2c2ba6d2eff2','2022-10-28',3785.59E0,3681.63E0,103.97E0)
INSERT INTO PAYMENT_SCHEDULE VALUES('cc609d19-3b30-4334-8b3b-a6aeee172230','d537431f-6c58-4cdf-b606-2c2ba6d2eff2','2022-11-28',3785.59E0,3734.92E0,50.68E0)
COMMIT
DELETE FROM BANK WHERE ID='07966d22-8f73-4874-8860-ac622c39d24d'
DELETE FROM PAYMENT_SCHEDULE WHERE ID='1874f2c0-ff88-42f3-9767-777eba4e078d'
DELETE FROM PAYMENT_SCHEDULE WHERE ID='3b80ea8e-d629-405d-95e4-de1fe81369a2'
DELETE FROM PAYMENT_SCHEDULE WHERE ID='f85139e3-8ba2-4258-a0dc-6140f401386b'
DELETE FROM PAYMENT_SCHEDULE WHERE ID='9e98683e-55f7-4696-819a-2c2d1e6c7e4f'
DELETE FROM PAYMENT_SCHEDULE WHERE ID='0fb4ae78-d90b-4bb8-938b-d104d93401ee'
DELETE FROM PAYMENT_SCHEDULE WHERE ID='fc6ca673-e63e-4cda-95a6-9c2a257e704e'
DELETE FROM PAYMENT_SCHEDULE WHERE ID='b271f97f-d643-4b03-995b-9d239d13a7eb'
DELETE FROM PAYMENT_SCHEDULE WHERE ID='474de310-1633-40ee-b233-4302d2992475'
DELETE FROM PAYMENT_SCHEDULE WHERE ID='c84cb892-3972-4775-9755-19c7b9dfb9d5'
DELETE FROM PAYMENT_SCHEDULE WHERE ID='c496727b-fce4-4919-890b-228699b47c56'
DELETE FROM PAYMENT_SCHEDULE WHERE ID='852c8044-46cd-4269-beb5-87d9d6863553'
DELETE FROM PAYMENT_SCHEDULE WHERE ID='9b2f0cb2-10ff-433e-9b72-560ac8b6e986'
DELETE FROM PAYMENT_SCHEDULE WHERE ID='09a8bd85-fcff-4e61-a3f0-61bb5a48ffb9'
DELETE FROM PAYMENT_SCHEDULE WHERE ID='44e89212-aa1b-4042-9080-ae8bf684aaa5'
DELETE FROM PAYMENT_SCHEDULE WHERE ID='6699bb57-58b8-4724-975b-f622f3a86c4b'
DELETE FROM PAYMENT_SCHEDULE WHERE ID='05f2de4c-2811-4982-bb0c-1e32d2870ecd'
DELETE FROM PAYMENT_SCHEDULE WHERE ID='ee9f68c3-315a-48b4-9fb9-68abd4f0444f'
DELETE FROM PAYMENT_SCHEDULE WHERE ID='cc609d19-3b30-4334-8b3b-a6aeee172230'
DELETE FROM CREDIT_OFFER WHERE ID='d537431f-6c58-4cdf-b606-2c2ba6d2eff2'
COMMIT
DISCONNECT
/*C6*/SET SCHEMA PUBLIC
DISCONNECT
/*C7*/SET SCHEMA PUBLIC
DISCONNECT
/*C8*/SET SCHEMA PUBLIC
DISCONNECT
/*C9*/SET SCHEMA PUBLIC
DISCONNECT
/*C10*/SET SCHEMA PUBLIC
DISCONNECT
/*C11*/SET SCHEMA PUBLIC
DISCONNECT
/*C12*/SET SCHEMA PUBLIC
DISCONNECT
/*C13*/SET SCHEMA PUBLIC
DISCONNECT
/*C14*/SET SCHEMA PUBLIC
DISCONNECT
